[2023-05-30 11:24:17.794] [puff::index::jointLog] [info] Running fixFasta
[2023-05-30 11:24:17.796] [puff::index::jointLog] [info] Replaced 0 non-ATCG nucleotides
[2023-05-30 11:24:17.796] [puff::index::jointLog] [info] Clipped poly-A tails from 0 transcripts
[2023-05-30 11:24:17.797] [puff::index::jointLog] [info] Filter size not provided; estimating from number of distinct k-mers
[2023-05-30 11:24:17.797] [puff::index::jointLog] [info] ntHll estimated 47888 distinct k-mers, setting filter size to 2^20
[2023-05-30 11:24:17.819] [puff::index::jointLog] [info] Starting the Pufferfish indexing by reading the GFA binary file.
[2023-05-30 11:24:17.819] [puff::index::jointLog] [info] Setting the index/BinaryGfa directory barcodes_firmas_h-meliloti_no_dup
[2023-05-30 11:24:17.819] [puff::index::jointLog] [info] Done wrapping the rank vector with a rank9sel structure.
[2023-05-30 11:24:17.819] [puff::index::jointLog] [info] contig count for validation: 412
[2023-05-30 11:24:17.819] [puff::index::jointLog] [info] Total # of Contigs : 412
[2023-05-30 11:24:17.819] [puff::index::jointLog] [info] Total # of numerical Contigs : 412
[2023-05-30 11:24:17.819] [puff::index::jointLog] [info] Total # of contig vec entries: 413
[2023-05-30 11:24:17.819] [puff::index::jointLog] [info] bits per offset entry 9
[2023-05-30 11:24:17.819] [puff::index::jointLog] [info] Done constructing the contig vector. 413
[2023-05-30 11:24:17.819] [puff::index::jointLog] [info] # segments = 412
[2023-05-30 11:24:17.819] [puff::index::jointLog] [info] total length = 9,879
[2023-05-30 11:24:17.819] [puff::index::jointLog] [info] Reading the reference files ...
[2023-05-30 11:24:17.820] [puff::index::jointLog] [info] positional integer width = 14
[2023-05-30 11:24:17.820] [puff::index::jointLog] [info] seqSize = 9,879
[2023-05-30 11:24:17.820] [puff::index::jointLog] [info] rankSize = 9,879
[2023-05-30 11:24:17.820] [puff::index::jointLog] [info] edgeVecSize = 0
[2023-05-30 11:24:17.820] [puff::index::jointLog] [info] num keys = 1,639
[2023-05-30 11:24:17.827] [puff::index::jointLog] [info] mphf size = 0.00175476 MB
[2023-05-30 11:24:17.827] [puff::index::jointLog] [info] chunk size = 9,879
[2023-05-30 11:24:17.827] [puff::index::jointLog] [info] chunk 0 = [0, 9,859)
[2023-05-30 11:24:17.827] [puff::index::jointLog] [info] finished populating pos vector
[2023-05-30 11:24:17.827] [puff::index::jointLog] [info] writing index components
[2023-05-30 11:24:17.827] [puff::index::jointLog] [info] finished writing dense pufferfish index
